<?xml version="1.0" encoding="UTF-8"?>
<!-- Generated by org.testng.reporters.JUnitReportReporter -->
<testsuite hostname="DESKTOP-NRKFARI" failures="0" tests="1" name="Week6.marathon3.testng.SalesForceCreateOpportunity" time="22.471" errors="0" timestamp="2025-04-24T23:58:19 IST" skipped="0">
  <testcase classname="Week6.marathon3.testng.SalesForceCreateOpportunity" name="createOpportunity" time="22.471"/>
  <system-out/>
</testsuite> <!-- Week6.marathon3.testng.SalesForceCreateOpportunity -->
