<?xml version="1.0" encoding="UTF-8"?>
<!-- Generated by org.testng.reporters.JUnitReportReporter -->
<testsuite hostname="DESKTOP-NRKFARI" failures="0" tests="2" name="week5.day1.readexcel.EditLead" time="36.543" errors="0" timestamp="2025-03-17T23:58:39 IST" skipped="0">
  <testcase classname="week5.day1.readexcel.EditLead" name="runEditLead" time="17.906"/>
  <system-out/>
  <testcase classname="week5.day1.readexcel.EditLead" name="runEditLead" time="18.637"/>
  <system-out/>
</testsuite> <!-- week5.day1.readexcel.EditLead -->
