<?xml version="1.0" encoding="UTF-8"?>
<!-- Generated by org.testng.reporters.JUnitReportReporter -->
<testsuite hostname="DESKTOP-NRKFARI" failures="0" tests="2" name="readexcel.EditLead" time="34.232" errors="0" timestamp="2025-03-17T23:57:05 IST" skipped="0">
  <testcase classname="readexcel.EditLead" name="runEditLead" time="17.668"/>
  <system-out/>
  <testcase classname="readexcel.EditLead" name="runEditLead" time="16.564"/>
  <system-out/>
</testsuite> <!-- readexcel.EditLead -->
