<?xml version="1.0" encoding="UTF-8"?>
<!-- Generated by org.testng.reporters.JUnitReportReporter -->
<testsuite hostname="DESKTOP-NRKFARI" failures="0" tests="1" name="Week6.marathon3.testng.SalesForceEditOpportunity" time="31.000" errors="0" timestamp="2025-04-03T00:09:13 IST" skipped="0">
  <testcase classname="Week6.marathon3.testng.SalesForceEditOpportunity" name="editOpportunity" time="31.000"/>
  <system-out/>
</testsuite> <!-- Week6.marathon3.testng.SalesForceEditOpportunity -->
